[2025-01-07T21:59:21.362+0000] {processor.py:161} INFO - Started process (PID=61) to work on /opt/airflow/dags/api-timelapse.py
[2025-01-07T21:59:21.363+0000] {processor.py:830} INFO - Processing file /opt/airflow/dags/api-timelapse.py for tasks to queue
[2025-01-07T21:59:21.366+0000] {logging_mixin.py:188} INFO - [2025-01-07T21:59:21.366+0000] {dagbag.py:538} INFO - Filling up the DagBag from /opt/airflow/dags/api-timelapse.py
[2025-01-07T21:59:21.638+0000] {processor.py:840} INFO - DAG(s) 'python-timelapse-workflow' retrieved from /opt/airflow/dags/api-timelapse.py
[2025-01-07T21:59:21.686+0000] {logging_mixin.py:188} INFO - [2025-01-07T21:59:21.686+0000] {dag.py:3036} INFO - Sync 1 DAGs
[2025-01-07T21:59:21.718+0000] {logging_mixin.py:188} INFO - [2025-01-07T21:59:21.718+0000] {dag.py:3823} INFO - Setting next_dagrun for python-timelapse-workflow to None, run_after=None
[2025-01-07T21:59:21.754+0000] {processor.py:183} INFO - Processing /opt/airflow/dags/api-timelapse.py took 0.399 seconds
[2025-01-07T21:59:52.112+0000] {processor.py:161} INFO - Started process (PID=65) to work on /opt/airflow/dags/api-timelapse.py
[2025-01-07T21:59:52.114+0000] {processor.py:830} INFO - Processing file /opt/airflow/dags/api-timelapse.py for tasks to queue
[2025-01-07T21:59:52.116+0000] {logging_mixin.py:188} INFO - [2025-01-07T21:59:52.116+0000] {dagbag.py:538} INFO - Filling up the DagBag from /opt/airflow/dags/api-timelapse.py
[2025-01-07T21:59:52.164+0000] {processor.py:840} INFO - DAG(s) 'python-timelapse-workflow' retrieved from /opt/airflow/dags/api-timelapse.py
[2025-01-07T21:59:52.476+0000] {logging_mixin.py:188} INFO - [2025-01-07T21:59:52.476+0000] {dag.py:3036} INFO - Sync 1 DAGs
[2025-01-07T21:59:52.492+0000] {logging_mixin.py:188} INFO - [2025-01-07T21:59:52.492+0000] {dag.py:3823} INFO - Setting next_dagrun for python-timelapse-workflow to None, run_after=None
[2025-01-07T21:59:52.529+0000] {processor.py:183} INFO - Processing /opt/airflow/dags/api-timelapse.py took 0.422 seconds
[2025-01-07T22:00:23.037+0000] {processor.py:161} INFO - Started process (PID=77) to work on /opt/airflow/dags/api-timelapse.py
[2025-01-07T22:00:23.039+0000] {processor.py:830} INFO - Processing file /opt/airflow/dags/api-timelapse.py for tasks to queue
[2025-01-07T22:00:23.041+0000] {logging_mixin.py:188} INFO - [2025-01-07T22:00:23.041+0000] {dagbag.py:538} INFO - Filling up the DagBag from /opt/airflow/dags/api-timelapse.py
[2025-01-07T22:00:23.092+0000] {processor.py:840} INFO - DAG(s) 'python-timelapse-workflow' retrieved from /opt/airflow/dags/api-timelapse.py
[2025-01-07T22:00:23.271+0000] {logging_mixin.py:188} INFO - [2025-01-07T22:00:23.270+0000] {dag.py:3036} INFO - Sync 1 DAGs
[2025-01-07T22:00:23.288+0000] {logging_mixin.py:188} INFO - [2025-01-07T22:00:23.288+0000] {dag.py:3823} INFO - Setting next_dagrun for python-timelapse-workflow to None, run_after=None
[2025-01-07T22:00:23.322+0000] {processor.py:183} INFO - Processing /opt/airflow/dags/api-timelapse.py took 0.293 seconds
[2025-01-07T22:00:53.829+0000] {processor.py:161} INFO - Started process (PID=89) to work on /opt/airflow/dags/api-timelapse.py
[2025-01-07T22:00:53.831+0000] {processor.py:830} INFO - Processing file /opt/airflow/dags/api-timelapse.py for tasks to queue
[2025-01-07T22:00:53.834+0000] {logging_mixin.py:188} INFO - [2025-01-07T22:00:53.834+0000] {dagbag.py:538} INFO - Filling up the DagBag from /opt/airflow/dags/api-timelapse.py
[2025-01-07T22:00:53.887+0000] {processor.py:840} INFO - DAG(s) 'python-timelapse-workflow' retrieved from /opt/airflow/dags/api-timelapse.py
[2025-01-07T22:00:54.086+0000] {logging_mixin.py:188} INFO - [2025-01-07T22:00:54.086+0000] {dag.py:3036} INFO - Sync 1 DAGs
[2025-01-07T22:00:54.104+0000] {logging_mixin.py:188} INFO - [2025-01-07T22:00:54.104+0000] {dag.py:3823} INFO - Setting next_dagrun for python-timelapse-workflow to None, run_after=None
[2025-01-07T22:00:54.137+0000] {processor.py:183} INFO - Processing /opt/airflow/dags/api-timelapse.py took 0.315 seconds
[2025-01-07T22:01:24.662+0000] {processor.py:161} INFO - Started process (PID=101) to work on /opt/airflow/dags/api-timelapse.py
[2025-01-07T22:01:24.665+0000] {processor.py:830} INFO - Processing file /opt/airflow/dags/api-timelapse.py for tasks to queue
[2025-01-07T22:01:24.669+0000] {logging_mixin.py:188} INFO - [2025-01-07T22:01:24.668+0000] {dagbag.py:538} INFO - Filling up the DagBag from /opt/airflow/dags/api-timelapse.py
[2025-01-07T22:01:24.719+0000] {processor.py:840} INFO - DAG(s) 'python-timelapse-workflow' retrieved from /opt/airflow/dags/api-timelapse.py
[2025-01-07T22:01:24.924+0000] {logging_mixin.py:188} INFO - [2025-01-07T22:01:24.924+0000] {dag.py:3036} INFO - Sync 1 DAGs
[2025-01-07T22:01:24.943+0000] {logging_mixin.py:188} INFO - [2025-01-07T22:01:24.942+0000] {dag.py:3823} INFO - Setting next_dagrun for python-timelapse-workflow to None, run_after=None
[2025-01-07T22:01:24.975+0000] {processor.py:183} INFO - Processing /opt/airflow/dags/api-timelapse.py took 0.322 seconds
[2025-01-07T22:01:55.445+0000] {processor.py:161} INFO - Started process (PID=113) to work on /opt/airflow/dags/api-timelapse.py
[2025-01-07T22:01:55.447+0000] {processor.py:830} INFO - Processing file /opt/airflow/dags/api-timelapse.py for tasks to queue
[2025-01-07T22:01:55.449+0000] {logging_mixin.py:188} INFO - [2025-01-07T22:01:55.448+0000] {dagbag.py:538} INFO - Filling up the DagBag from /opt/airflow/dags/api-timelapse.py
[2025-01-07T22:01:55.494+0000] {processor.py:840} INFO - DAG(s) 'python-timelapse-workflow' retrieved from /opt/airflow/dags/api-timelapse.py
[2025-01-07T22:01:55.669+0000] {logging_mixin.py:188} INFO - [2025-01-07T22:01:55.669+0000] {dag.py:3036} INFO - Sync 1 DAGs
[2025-01-07T22:01:55.687+0000] {logging_mixin.py:188} INFO - [2025-01-07T22:01:55.687+0000] {dag.py:3823} INFO - Setting next_dagrun for python-timelapse-workflow to None, run_after=None
[2025-01-07T22:01:55.721+0000] {processor.py:183} INFO - Processing /opt/airflow/dags/api-timelapse.py took 0.281 seconds
[2025-01-07T22:02:26.234+0000] {processor.py:161} INFO - Started process (PID=126) to work on /opt/airflow/dags/api-timelapse.py
[2025-01-07T22:02:26.236+0000] {processor.py:830} INFO - Processing file /opt/airflow/dags/api-timelapse.py for tasks to queue
[2025-01-07T22:02:26.238+0000] {logging_mixin.py:188} INFO - [2025-01-07T22:02:26.238+0000] {dagbag.py:538} INFO - Filling up the DagBag from /opt/airflow/dags/api-timelapse.py
[2025-01-07T22:02:26.284+0000] {processor.py:840} INFO - DAG(s) 'python-timelapse-workflow' retrieved from /opt/airflow/dags/api-timelapse.py
[2025-01-07T22:02:26.454+0000] {logging_mixin.py:188} INFO - [2025-01-07T22:02:26.454+0000] {dag.py:3036} INFO - Sync 1 DAGs
[2025-01-07T22:02:26.475+0000] {logging_mixin.py:188} INFO - [2025-01-07T22:02:26.475+0000] {dag.py:3823} INFO - Setting next_dagrun for python-timelapse-workflow to None, run_after=None
[2025-01-07T22:02:26.509+0000] {processor.py:183} INFO - Processing /opt/airflow/dags/api-timelapse.py took 0.281 seconds
[2025-01-07T22:02:57.012+0000] {processor.py:161} INFO - Started process (PID=138) to work on /opt/airflow/dags/api-timelapse.py
[2025-01-07T22:02:57.015+0000] {processor.py:830} INFO - Processing file /opt/airflow/dags/api-timelapse.py for tasks to queue
[2025-01-07T22:02:57.019+0000] {logging_mixin.py:188} INFO - [2025-01-07T22:02:57.018+0000] {dagbag.py:538} INFO - Filling up the DagBag from /opt/airflow/dags/api-timelapse.py
[2025-01-07T22:02:57.068+0000] {processor.py:840} INFO - DAG(s) 'python-timelapse-workflow' retrieved from /opt/airflow/dags/api-timelapse.py
[2025-01-07T22:02:57.231+0000] {logging_mixin.py:188} INFO - [2025-01-07T22:02:57.231+0000] {dag.py:3036} INFO - Sync 1 DAGs
[2025-01-07T22:02:57.248+0000] {logging_mixin.py:188} INFO - [2025-01-07T22:02:57.247+0000] {dag.py:3823} INFO - Setting next_dagrun for python-timelapse-workflow to None, run_after=None
[2025-01-07T22:02:57.276+0000] {processor.py:183} INFO - Processing /opt/airflow/dags/api-timelapse.py took 0.271 seconds
